<?xml version="1.0" encoding="UTF-8"?>
<!-- Generated by org.testng.reporters.JUnitXMLReporter -->
<testsuite ignored="0" hostname="DESKTOP-KJ8M6F8" failures="0" tests="6" name="Default test" time="13.607" errors="0" timestamp="2024-10-25T11:39:38 IST">
  <testcase classname="org.project.E2ETest" name="login" time="4.39"/>
  <testcase classname="org.project.E2ETest" name="getproducts" time="3.427"/>
  <testcase classname="org.project.E2ETest" name="addAddress" time="1.355"/>
  <testcase classname="org.project.E2ETest" name="getalladdresses" time="1.332"/>
  <testcase classname="org.project.E2ETest" name="getspecificaddress" time="1.474"/>
  <testcase classname="org.project.E2ETest" name="updateaddress" time="1.544"/>
</testsuite> <!-- Default test -->
