<?xml version="1.0" encoding="UTF-8"?>
<!-- Generated by org.testng.reporters.JUnitXMLReporter -->
<testsuite ignored="1" hostname="DESKTOP-KJ8M6F8" failures="0" tests="2" name="Default test" time="25.577" errors="0" timestamp="2024-10-24T17:05:14 IST">
  <testcase classname="org.project.E2ETest" name="login" time="16.113"/>
  <testcase classname="org.project.E2ETest" name="addAddress" time="9.428"/>
  <testcase classname="org.project.E2ETest" name="getproducts" time="0.0">
    <ignored/>
  </testcase> <!-- getproducts -->
</testsuite> <!-- Default test -->
