<?xml version="1.0" encoding="UTF-8"?>
<testng-results ignored="1" total="3" passed="2" failed="0" skipped="0">
  <reporter-output>
  </reporter-output>
  <suite started-at="2024-10-24T17:04:49 IST" name="Default suite" finished-at="2024-10-24T17:05:14 IST" duration-ms="25577">
    <groups>
    </groups>
    <test started-at="2024-10-24T17:04:49 IST" name="Default test" finished-at="2024-10-24T17:05:14 IST" duration-ms="25577">
      <class name="org.project.E2ETest">
        <test-method signature="login()[pri:0, instance:org.project.E2ETest@52bf72b5]" started-at="2024-10-24T17:04:49 IST" name="login" finished-at="2024-10-24T17:05:05 IST" duration-ms="16113" status="PASS">
          <reporter-output>
          </reporter-output>
        </test-method> <!-- login -->
        <test-method signature="addAddress()[pri:0, instance:org.project.E2ETest@52bf72b5]" started-at="2024-10-24T17:05:05 IST" name="addAddress" finished-at="2024-10-24T17:05:14 IST" depends-on-methods="org.project.E2ETest.login" duration-ms="9428" status="PASS">
          <reporter-output>
          </reporter-output>
        </test-method> <!-- addAddress -->
      </class> <!-- org.project.E2ETest -->
    </test> <!-- Default test -->
  </suite> <!-- Default suite -->
</testng-results>
