<?xml version="1.0" encoding="UTF-8"?>
<testng-results ignored="0" total="6" passed="6" failed="0" skipped="0">
  <reporter-output>
  </reporter-output>
  <suite started-at="2024-10-25T11:39:25 IST" name="Default suite" finished-at="2024-10-25T11:39:38 IST" duration-ms="13607">
    <groups>
    </groups>
    <test started-at="2024-10-25T11:39:25 IST" name="Default test" finished-at="2024-10-25T11:39:38 IST" duration-ms="13607">
      <class name="org.project.E2ETest">
        <test-method signature="login()[pri:0, instance:org.project.E2ETest@2a798d51]" started-at="2024-10-25T11:39:25 IST" name="login" finished-at="2024-10-25T11:39:29 IST" duration-ms="4390" status="PASS">
          <reporter-output>
          </reporter-output>
        </test-method> <!-- login -->
        <test-method signature="getproducts()[pri:0, instance:org.project.E2ETest@2a798d51]" started-at="2024-10-25T11:39:29 IST" name="getproducts" finished-at="2024-10-25T11:39:32 IST" duration-ms="3427" status="PASS">
          <reporter-output>
          </reporter-output>
        </test-method> <!-- getproducts -->
        <test-method signature="addAddress()[pri:0, instance:org.project.E2ETest@2a798d51]" started-at="2024-10-25T11:39:32 IST" name="addAddress" finished-at="2024-10-25T11:39:34 IST" depends-on-methods="org.project.E2ETest.login" duration-ms="1355" status="PASS">
          <reporter-output>
          </reporter-output>
        </test-method> <!-- addAddress -->
        <test-method signature="getalladdresses()[pri:0, instance:org.project.E2ETest@2a798d51]" started-at="2024-10-25T11:39:34 IST" name="getalladdresses" finished-at="2024-10-25T11:39:35 IST" depends-on-methods="org.project.E2ETest.login" duration-ms="1332" status="PASS">
          <reporter-output>
          </reporter-output>
        </test-method> <!-- getalladdresses -->
        <test-method signature="getspecificaddress()[pri:0, instance:org.project.E2ETest@2a798d51]" started-at="2024-10-25T11:39:35 IST" name="getspecificaddress" finished-at="2024-10-25T11:39:37 IST" depends-on-methods="org.project.E2ETest.addAddress" duration-ms="1474" status="PASS">
          <reporter-output>
          </reporter-output>
        </test-method> <!-- getspecificaddress -->
        <test-method signature="updateaddress()[pri:0, instance:org.project.E2ETest@2a798d51]" started-at="2024-10-25T11:39:37 IST" name="updateaddress" finished-at="2024-10-25T11:39:38 IST" depends-on-methods="org.project.E2ETest.addAddress" duration-ms="1544" status="PASS">
          <reporter-output>
          </reporter-output>
        </test-method> <!-- updateaddress -->
      </class> <!-- org.project.E2ETest -->
    </test> <!-- Default test -->
  </suite> <!-- Default suite -->
</testng-results>
